<?xml version="1.0" encoding="UTF-8"?>
<!-- Generated by org.testng.reporters.JUnitReportReporter -->
<testsuite hostname="DESKTOP-S1II299" failures="0" tests="1" name="GitHub.AddClass" time="0.017" errors="0" timestamp="2025-02-24T19:37:33 IST" skipped="0">
  <testcase classname="GitHub.AddClass" name="demo" time="0.017">
    <system-out>
      <![CDATA[Add Class]]>
    </system-out>
  </testcase> <!-- demo -->
  <system-out>
    <![CDATA[Add Class]]>
  </system-out>
</testsuite> <!-- GitHub.AddClass -->
