<?xml version="1.0" encoding="UTF-8"?>
<!-- Generated by org.testng.reporters.JUnitReportReporter -->
<testsuite hostname="DESKTOP-S1II299" failures="0" tests="1" name="demo.sampleTest" time="0.017" errors="0" timestamp="2025-02-14T18:30:19 IST" skipped="0">
  <testcase classname="demo.sampleTest" name="test" time="0.017">
    <system-out>
      <![CDATA[Sample Test Executed]]>
    </system-out>
  </testcase> <!-- test -->
  <system-out>
    <![CDATA[Sample Test Executed]]>
  </system-out>
</testsuite> <!-- demo.sampleTest -->
