<?xml version="1.0" encoding="UTF-8"?>
<!-- Generated by org.testng.reporters.JUnitReportReporter -->
<testsuite hostname="DESKTOP-S1II299" failures="0" tests="1" name="ExtentReports.LearnExtentReports" time="0.853" errors="0" timestamp="2025-02-17T19:29:56 IST" skipped="0">
  <testcase classname="ExtentReports.LearnExtentReports" name="createreports" time="0.853"/>
</testsuite> <!-- ExtentReports.LearnExtentReports -->
