<?xml version="1.0" encoding="UTF-8"?>
<!-- Generated by org.testng.reporters.JUnitReportReporter -->
<testsuite hostname="DESKTOP-S1II299" failures="0" tests="1" name="demo.Sample" time="0.014" errors="0" timestamp="2025-02-14T18:30:32 IST" skipped="0">
  <testcase classname="demo.Sample" name="demo" time="0.014">
    <system-out>
      <![CDATA[Demo Class Executed]]>
    </system-out>
  </testcase> <!-- demo -->
  <system-out>
    <![CDATA[Demo Class Executed]]>
  </system-out>
</testsuite> <!-- demo.Sample -->
