<?xml version="1.0" encoding="UTF-8"?>
<!-- Generated by org.testng.reporters.JUnitReportReporter -->
<testsuite hostname="DESKTOP-S1II299" failures="0" tests="1" name="ExtentReports.AddScreenShotIntoReport" time="4.383" errors="0" timestamp="2025-02-17T19:50:00 IST" skipped="0">
  <testcase classname="ExtentReports.AddScreenShotIntoReport" name="addscrfeenshot" time="4.383"/>
</testsuite> <!-- ExtentReports.AddScreenShotIntoReport -->
