<?xml version="1.0" encoding="UTF-8"?>
<!-- Generated by org.testng.reporters.JUnitReportReporter -->
<testsuite hostname="DESKTOP-S1II299" failures="0" tests="1" name="ExtentReports.AddScreenShotIntoReport_Test" time="5.026" errors="0" timestamp="2025-02-18T19:31:17 IST" skipped="0">
  <testcase classname="ExtentReports.AddScreenShotIntoReport_Test" name="addscreenshot" time="5.026"/>
</testsuite> <!-- ExtentReports.AddScreenShotIntoReport_Test -->
